[debug] [2024-09-27T16:39:27.760Z] ----------------------------------------------------------------------
[debug] [2024-09-27T16:39:27.763Z] Command:       C:\Program Files\nodejs\node.exe C:\Users\Thianesh Govindasamy\AppData\Roaming\npm\node_modules\firebase-tools\lib\bin\firebase.js init
[debug] [2024-09-27T16:39:27.763Z] CLI Version:   13.20.0
[debug] [2024-09-27T16:39:27.763Z] Platform:      win32
[debug] [2024-09-27T16:39:27.763Z] Node Version:  v20.15.1
[debug] [2024-09-27T16:39:27.763Z] Time:          Fri Sep 27 2024 22:09:27 GMT+0530 (India Standard Time)
[debug] [2024-09-27T16:39:27.764Z] ----------------------------------------------------------------------
[debug] 
[debug] [2024-09-27T16:39:27.771Z] > command requires scopes: ["email","openid","https://www.googleapis.com/auth/cloudplatformprojects.readonly","https://www.googleapis.com/auth/firebase","https://www.googleapis.com/auth/cloud-platform"]
[debug] [2024-09-27T16:39:27.771Z] > authorizing via signed-in user (thianesh2003@gmail.com)
[info] 
     ######## #### ########  ######## ########     ###     ######  ########
     ##        ##  ##     ## ##       ##     ##  ##   ##  ##       ##
     ######    ##  ########  ######   ########  #########  ######  ######
     ##        ##  ##    ##  ##       ##     ## ##     ##       ## ##
     ##       #### ##     ## ######## ########  ##     ##  ######  ########

You're about to initialize a Firebase project in this directory:

  E:\thianesh-govindasamy\build

[info] 
=== Project Setup
[info] 
[info] First, let's associate this project directory with a Firebase project.
[info] You can create multiple project aliases by running firebase use --add, 
[info] but for now we'll just set up a default project.
[info] 
